<?xml version="1.0" encoding="UTF-8"?>
<!-- Generated by org.testng.reporters.JUnitReportReporter -->
<testsuite hostname="SUSHMAE-PC" name="testing.SampleTest" tests="1" failures="0" timestamp="7 Apr 2016 06:27:15 GMT" time="23.120" errors="0">
  <testcase name="test1" time="23.120" classname="testing.SampleTest"/>
</testsuite> <!-- testing.SampleTest -->
